Arguments: 
  /home/fivem/server/alpine/opt/cfx-server/ld-musl-x86_64.so.1 /home/fivem/server-data/resources/[system]/[builders]/yarn/yarn_cli.js install

PATH: 
  /usr/local/bin:/usr/bin:/bin:/usr/local/games:/usr/games

Yarn version: 
  1.13.0

Node version: 
  12.13.0

Platform: 
  linux x64

Trace: 
  Error: EACCES: permission denied, mkdir '/home/fivem/server-data/resources/exile_discord/node_modules/async-limiter'

npm manifest: 
  {
    "name": "exile_discord",
    "version": "1.0.0",
    "description": "",
    "main": "index.js",
    "dependencies": {
      "async-limiter": "^1.0.1",
      "d.js": "^0.7.5",
      "discord.js": "git+https://github.com/vecchiotom/discord.js.git",
      "fivem-js": "^1.3.2",
      "long": "^4.0.0",
      "node-fetch": "^2.6.0",
      "opusscript": "^0.0.7",
      "prism-media": "^0.0.3",
      "snekfetch": "^3.6.4",
      "strict-mode": "^1.1.3",
      "tweetnacl": "^1.0.1",
      "ws": "^6.2.1"
    },
    "devDependencies": {},
    "scripts": {
      "test": "echo \"Error: no test specified\" && exit 1"
    },
    "author": "",
    "license": "ISC"
  }

yarn manifest: 
  No manifest

Lockfile: 
  # THIS IS AN AUTOGENERATED FILE. DO NOT EDIT THIS FILE DIRECTLY.
  # yarn lockfile v1
  
  
  "@citizenfx/client@^1.0.1626-1":
    version "1.0.1626-1"
    resolved "https://registry.yarnpkg.com/@citizenfx/client/-/client-1.0.1626-1.tgz#aab38892f29ee8cd3493f4e458ba222bad291e74"
    integrity sha512-EkjTzvQnfysjJfr2+xWIS43+dZknInICYU7AjvbCr5up9ALmuGgqlOBiwm6mftBK5T9pk2n0KYhWFU1+YTwSSg==
  
  async-limiter@^1.0.1, async-limiter@~1.0.0:
    version "1.0.1"
    resolved "https://registry.yarnpkg.com/async-limiter/-/async-limiter-1.0.1.tgz#dd379e94f0db8310b08291f9d64c3209766617fd"
    integrity sha512-csOlWGAcRFJaI6m+F2WKdnMKr4HhdhFVBk0H/QbJFMCr+uO2kwohwXQPxw/9OCxp05r5ghVBFSyioixx3gfkNQ==
  
  discord.js@^11.5.1:
    version "11.5.1"
    resolved "https://registry.yarnpkg.com/discord.js/-/discord.js-11.5.1.tgz#910fb9f6410328581093e044cafb661783a4d9e8"
    integrity sha512-tGhV5xaZXE3Z+4uXJb3hYM6gQ1NmnSxp9PClcsSAYFVRzH6AJH74040mO3afPDMWEAlj8XsoPXXTJHTxesqcGw==
    dependencies:
      long "^4.0.0"
      prism-media "^0.0.3"
      snekfetch "^3.6.4"
      tweetnacl "^1.0.0"
      ws "^6.0.0"
  
  fivem-js@^1.3.2:
    version "1.3.2"
    resolved "https://registry.yarnpkg.com/fivem-js/-/fivem-js-1.3.2.tgz#bb18e85fe608b16c0d6c818d16130b41d772d446"
    integrity sha512-IMKmbcdLHvslJIrRLV9BX5gye7q9gC9VIapSW2XVlUF6RL4iOE30/0jdQG9vb77a/zQDSoY77mzZqQSWQYWcKg==
    dependencies:
      "@citizenfx/client" "^1.0.1626-1"
  
  long@^4.0.0:
    version "4.0.0"
    resolved "https://registry.yarnpkg.com/long/-/long-4.0.0.tgz#9a7b71cfb7d361a194ea555241c92f7468d5bf28"
    integrity sha512-XsP+KhQif4bjX1kbuSiySJFNAehNxgLb6hPRGJ9QsUr8ajHkuXGdrHmFUTUUXhDwVX2R5bY4JNZEwbUiMhV+MA==
  
  node-fetch@^2.6.0:
    version "2.6.0"
    resolved "https://registry.yarnpkg.com/node-fetch/-/node-fetch-2.6.0.tgz#e633456386d4aa55863f676a7ab0daa8fdecb0fd"
    integrity sha512-8dG4H5ujfvFiqDmVu9fQ5bOHUC15JMjMY/Zumv26oOvvVJjM67KF8koCWIabKQ1GJIa9r2mMZscBq/TbdOcmNA==
  
  opusscript@^0.0.7:
    version "0.0.7"
    resolved "https://registry.yarnpkg.com/opusscript/-/opusscript-0.0.7.tgz#7dd7ec55b302d26bf588e6fc3feb090b8c7da856"
    integrity sha512-DcBadTdYTUuH9zQtepsLjQn4Ll6rs3dmeFvN+SD0ThPnxRBRm/WC1zXWPg+wgAJimB784gdZvUMA57gDP7FdVg==
  
  prism-media@^0.0.3:
    version "0.0.3"
    resolved "https://registry.yarnpkg.com/prism-media/-/prism-media-0.0.3.tgz#8842d4fae804f099d3b48a9a38e3c2bab6f4855b"
    integrity sha512-c9KkNifSMU/iXT8FFTaBwBMr+rdVcN+H/uNv1o+CuFeTThNZNTOrQ+RgXA1yL/DeLk098duAeRPP3QNPNbhxYQ==
  
  snekfetch@^3.6.4:
    version "3.6.4"
    resolved "https://registry.yarnpkg.com/snekfetch/-/snekfetch-3.6.4.tgz#d13e80a616d892f3d38daae4289f4d258a645120"
    integrity sha512-NjxjITIj04Ffqid5lqr7XdgwM7X61c/Dns073Ly170bPQHLm6jkmelye/eglS++1nfTWktpP6Y2bFXjdPlQqdw==
  
  strict-mode@^1.1.3:
    version "1.1.3"
    resolved "https://registry.yarnpkg.com/strict-mode/-/strict-mode-1.1.3.tgz#09e9a3e58d15c5195efe59508c66250f22c9f2af"
    integrity sha512-858Rc31bCDiOd0Pm00Kth/6uRCac1pWt+wwHOn61f6T6kIokFdCHC2AEEkdlVxyA/Gv7/scucbXD04BxCCHaOw==
  
  tweetnacl@^1.0.0, tweetnacl@^1.0.1:
    version "1.0.1"
    resolved "https://registry.yarnpkg.com/tweetnacl/-/tweetnacl-1.0.1.tgz#2594d42da73cd036bd0d2a54683dd35a6b55ca17"
    integrity sha512-kcoMoKTPYnoeS50tzoqjPY3Uv9axeuuFAZY9M/9zFnhoVvRfxz9K29IMPD7jGmt2c8SW7i3gT9WqDl2+nV7p4A==
  
  ws@^6.0.0, ws@^6.2.1:
    version "6.2.1"
    resolved "https://registry.yarnpkg.com/ws/-/ws-6.2.1.tgz#442fdf0a47ed64f59b6a5d8ff130f4748ed524fb"
    integrity sha512-GIyAXC2cB7LjvpgMt9EKS2ldqr0MTrORaleiOno6TweZ6r3TKtoFQWay/2PceJ3RuBasOHzXNn5Lrw1X0bEjqA==
    dependencies:
      async-limiter "~1.0.0"
